<?xml version="1.0" encoding="UTF-8"?>
<testng-results skipped="0" failed="1" total="1" passed="0">
  <reporter-output>
  </reporter-output>
  <suite name="Default suite" duration-ms="18558" started-at="2017-06-07T17:01:14Z" finished-at="2017-06-07T17:01:32Z">
    <groups>
    </groups>
    <test name="Default test" duration-ms="18558" started-at="2017-06-07T17:01:14Z" finished-at="2017-06-07T17:01:32Z">
      <class name="testSuiteExpenseActions.TotalExpensesTrendCountryActions">
        <test-method status="PASS" signature="setUp()[pri:0, instance:testSuiteExpenseActions.TotalExpensesTrendCountryActions@50c87b21]" name="setUp" is-config="true" duration-ms="14339" started-at="2017-06-07T13:01:14Z" finished-at="2017-06-07T13:01:28Z">
          <reporter-output>
          </reporter-output>
        </test-method> <!-- setUp -->
        <test-method status="FAIL" signature="TotalExpensesTrendVendorActionsTest()[pri:0, instance:testSuiteExpenseActions.TotalExpensesTrendCountryActions@50c87b21]" name="TotalExpensesTrendVendorActionsTest" duration-ms="3282" started-at="2017-06-07T13:01:28Z" finished-at="2017-06-07T13:01:31Z">
          <exception class="java.lang.IndexOutOfBoundsException">
            <message>
              <![CDATA[Index: 0, Size: 0]]>
            </message>
            <full-stacktrace>
              <![CDATA[java.lang.IndexOutOfBoundsException: Index: 0, Size: 0
	at java.util.ArrayList.rangeCheck(Unknown Source)
	at java.util.ArrayList.get(Unknown Source)
	at helperObjects.ExpenseHelper.SetupCountryAndVendorData(ExpenseHelper.java:647)
	at helperObjects.ExpenseHelper.SetupForCountryPageWait(ExpenseHelper.java:660)
	at testSuiteExpenseActions.TotalExpensesTrendCountryActions.TotalExpensesTrendVendorActionsTest(TotalExpensesTrendCountryActions.java:37)
	at sun.reflect.NativeMethodAccessorImpl.invoke0(Native Method)
	at sun.reflect.NativeMethodAccessorImpl.invoke(Unknown Source)
	at sun.reflect.DelegatingMethodAccessorImpl.invoke(Unknown Source)
	at java.lang.reflect.Method.invoke(Unknown Source)
	at org.testng.internal.MethodInvocationHelper.invokeMethod(MethodInvocationHelper.java:85)
	at org.testng.internal.Invoker.invokeMethod(Invoker.java:639)
	at org.testng.internal.Invoker.invokeTestMethod(Invoker.java:816)
	at org.testng.internal.Invoker.invokeTestMethods(Invoker.java:1124)
	at org.testng.internal.TestMethodWorker.invokeTestMethods(TestMethodWorker.java:125)
	at org.testng.internal.TestMethodWorker.run(TestMethodWorker.java:108)
	at org.testng.TestRunner.privateRun(TestRunner.java:774)
	at org.testng.TestRunner.run(TestRunner.java:624)
	at org.testng.SuiteRunner.runTest(SuiteRunner.java:359)
	at org.testng.SuiteRunner.runSequentially(SuiteRunner.java:354)
	at org.testng.SuiteRunner.privateRun(SuiteRunner.java:312)
	at org.testng.SuiteRunner.run(SuiteRunner.java:261)
	at org.testng.SuiteRunnerWorker.runSuite(SuiteRunnerWorker.java:52)
	at org.testng.SuiteRunnerWorker.run(SuiteRunnerWorker.java:86)
	at org.testng.TestNG.runSuitesSequentially(TestNG.java:1215)
	at org.testng.TestNG.runSuitesLocally(TestNG.java:1140)
	at org.testng.TestNG.run(TestNG.java:1048)
	at org.testng.remote.AbstractRemoteTestNG.run(AbstractRemoteTestNG.java:132)
	at org.testng.remote.RemoteTestNG.initAndRun(RemoteTestNG.java:230)
	at org.testng.remote.RemoteTestNG.main(RemoteTestNG.java:76)
]]>
            </full-stacktrace>
          </exception> <!-- java.lang.IndexOutOfBoundsException -->
          <reporter-output>
          </reporter-output>
        </test-method> <!-- TotalExpensesTrendVendorActionsTest -->
        <test-method status="PASS" signature="closeDriver()[pri:0, instance:testSuiteExpenseActions.TotalExpensesTrendCountryActions@50c87b21]" name="closeDriver" is-config="true" duration-ms="919" started-at="2017-06-07T13:01:31Z" finished-at="2017-06-07T13:01:32Z">
          <reporter-output>
          </reporter-output>
        </test-method> <!-- closeDriver -->
      </class> <!-- testSuiteExpenseActions.TotalExpensesTrendCountryActions -->
    </test> <!-- Default test -->
  </suite> <!-- Default suite -->
</testng-results>
